\BOOKMARK [1][-]{toc1.1}{\376\377\000T\000a\000b\000l\000e\000\040\000d\000e\000s\000\040\000m\000a\000t\000i\000\350\000r\000e\000s}{}% 1
\BOOKMARK [1][-]{section.1}{\376\377\0001\000\040\000C\000o\000n\000t\000e\000x\000t\000e\000\040\000e\000t\000\040\000o\000b\000j\000e\000c\000t\000i\000f\000s\000\040\000d\000e\000\040\000l\000'\000\351\000t\000u\000d\000e}{}% 2
\BOOKMARK [2][-]{subsection.1.1}{\376\377\0001\000.\0001\000\040\000C\000o\000n\000t\000e\000x\000t\000e\000\040\000a\000s\000t\000r\000o\000p\000h\000y\000s\000i\000q\000u\000e}{section.1}% 3
\BOOKMARK [2][-]{subsection.1.2}{\376\377\0001\000.\0002\000\040\000O\000b\000j\000e\000c\000t\000i\000f\000s\000\040\000d\000e\000\040\000l\000'\000\351\000t\000u\000d\000e}{section.1}% 4
\BOOKMARK [2][-]{subsection.1.3}{\376\377\0001\000.\0003\000\040\000D\000i\000s\000c\000u\000s\000s\000i\000o\000n\000s\000\040\000s\000u\000r\000\040\000l\000a\000\040\000m\000a\000g\000n\000i\000t\000u\000d\000e}{section.1}% 5
\BOOKMARK [1][-]{section.2}{\376\377\0002\000\040\000D\000e\000s\000c\000r\000i\000p\000t\000i\000o\000n\000\040\000d\000e\000s\000\040\000o\000b\000s\000e\000r\000v\000a\000t\000i\000o\000n\000s\000\040\000p\000h\000o\000t\000o\000m\000\351\000t\000r\000i\000q\000u\000e\000s}{}% 6
\BOOKMARK [2][-]{subsection.2.1}{\376\377\0002\000.\0001\000\040\000I\000n\000s\000t\000r\000u\000m\000e\000n\000t\000a\000t\000i\000o\000n}{section.2}% 7
\BOOKMARK [2][-]{subsection.2.2}{\376\377\0002\000.\0002\000\040\000O\000b\000s\000e\000r\000v\000a\000t\000i\000o\000n\000s}{section.2}% 8
\BOOKMARK [1][-]{section.3}{\376\377\0003\000\040\000C\000a\000l\000i\000b\000r\000a\000t\000i\000o\000n\000\040\000d\000e\000s\000\040\000o\000b\000s\000e\000r\000v\000a\000t\000i\000o\000n\000s\000\040\000p\000h\000o\000t\000o\000m\000\351\000t\000r\000i\000q\000u\000e\000s}{}% 9
\BOOKMARK [2][-]{subsection.3.1}{\376\377\0003\000.\0001\000\040\000C\000r\000i\000t\000\350\000r\000e\000s\000\040\000d\000e\000\040\000d\000\351\000t\000e\000c\000t\000i\000o\000n\000s}{section.3}% 10
\BOOKMARK [2][-]{subsection.3.2}{\376\377\0003\000.\0002\000\040\000M\000\351\000t\000h\000o\000d\000e\000s\000\040\000d\000'\000a\000n\000n\000u\000l\000a\000t\000i\000o\000n\000\040\000d\000u\000\040\000f\000o\000n\000d\000\040\000d\000e\000\040\000c\000i\000e\000l}{section.3}% 11
\BOOKMARK [2][-]{subsection.3.3}{\376\377\0003\000.\0003\000\040\000R\000a\000y\000o\000n\000\040\000d\000'\000o\000u\000v\000e\000r\000t\000u\000r\000e\000\040\000o\000p\000t\000i\000m\000a\000l}{section.3}% 12
\BOOKMARK [2][-]{subsection.3.4}{\376\377\0003\000.\0004\000\040\000I\000m\000p\000a\000c\000t\000\040\000d\000e\000\040\000c\000h\000a\000q\000u\000e\000\040\000m\000\351\000t\000h\000o\000d\000e\000s\000\040\000s\000u\000r\000\040\000l\000a\000\040\000c\000a\000l\000i\000b\000r\000a\000t\000i\000o\000n}{section.3}% 13
\BOOKMARK [2][-]{subsection.3.5}{\376\377\0003\000.\0005\000\040\000C\000a\000l\000i\000b\000r\000a\000t\000i\000o\000n\000\040\000f\000i\000n\000a\000l\000e}{section.3}% 14
\BOOKMARK [1][-]{section.4}{\376\377\0004\000\040\000M\000e\000s\000u\000r\000e\000s\000\040\000p\000h\000o\000t\000o\000m\000\351\000t\000r\000i\000q\000u\000e\000s\000\040\000e\000t\000\040\000i\000n\000c\000e\000r\000t\000i\000t\000u\000d\000e\000s}{}% 15
\BOOKMARK [1][-]{section.5}{\376\377\0005\000\040\000C\000o\000n\000c\000l\000u\000s\000i\000o\000n}{}% 16
\BOOKMARK [1][-]{section.5}{\376\377\000B\000i\000b\000l\000i\000o\000g\000r\000a\000p\000h\000i\000e}{}% 17
\BOOKMARK [1][-]{bib2.1}{\376\377\000R\000\351\000f\000\351\000r\000e\000n\000c\000e\000s}{}% 18
\BOOKMARK [1][-]{section*.12}{\376\377\000R\000\351\000f\000\351\000r\000e\000n\000c\000e\000s\000\040\000w\000e\000b}{}% 19
\BOOKMARK [1][-]{toc3.1}{\376\377\000T\000a\000b\000l\000e\000\040\000d\000e\000s\000\040\000f\000i\000g\000u\000r\000e\000s}{}% 20
\BOOKMARK [1][-]{toc4.1}{\376\377\000L\000i\000s\000t\000e\000\040\000d\000e\000s\000\040\000t\000a\000b\000l\000e\000a\000u\000x}{}% 21
\BOOKMARK [1][-]{appendix.A}{\376\377\000A\000\040\000A\000n\000n\000e\000x\000e\000\040\000c\000a\000l\000i\000b\000r\000a\000t\000i\000o\000n\000\040\000p\000h\000o\000t\000o\000m\000\351\000t\000r\000i\000q\000u\000e}{}% 22
